"Start of log file."
"D:/GIT/tower-defence/towerDefence/Assets/Models/tourelle2/tourelle2.max"
"Starting max loading and fbx conversion"
window = undefined
"Finished max loading and fbx conversion"
"D:/GIT/tower-defence/towerDefence/Assets/Models/goal_island/goal_island.max"
"Starting max loading and fbx conversion"
window = undefined
"Finished max loading and fbx conversion"
"D:/GIT/tower-defence/towerDefence/Assets/Models/enemy_portal/enemy_portal.max"
"Starting max loading and fbx conversion"
window = undefined
"Finished max loading and fbx conversion"
"D:/GIT/tower-defence/towerDefence/Assets/Models/tourelle2_1/tourelle2_1.max"
"Starting max loading and fbx conversion"
window = undefined
"Finished max loading and fbx conversion"
"D:/GIT/tower-defence/towerDefence/Assets/Models/enemy_1/enemy_1.max"
"Starting max loading and fbx conversion"
window = undefined
"Finished max loading and fbx conversion"
"D:/GIT/tower-defence/towerDefence/Assets/Models/tourelle1/tourelle1.max"
"Starting max loading and fbx conversion"
window = undefined
"Finished max loading and fbx conversion"
"D:/GIT/tower-defence/towerDefence/Assets/Models/tourelle1_1/tourelle1_1.max"
"Starting max loading and fbx conversion"
window = undefined
"Finished max loading and fbx conversion"
"D:/GIT/tower-defence/towerDefence/Assets/Models/island_1/island_1.max"
"Starting max loading and fbx conversion"
window = undefined
"Finished max loading and fbx conversion"
"D:/GIT/tower-defence/towerDefence/Assets/Models/island_2/island_2.max"
"Starting max loading and fbx conversion"
window = undefined
"Finished max loading and fbx conversion"
"D:/GIT/tower-defence/towerDefence/Assets/Models/enemy_2/enemy_2.max"
"Starting max loading and fbx conversion"
window = undefined
"Finished max loading and fbx conversion"
"D:/GIT/tower-defence/towerDefence/Assets/Models/base_model/base_model.max"
"Starting max loading and fbx conversion"
window = undefined
"Finished max loading and fbx conversion"
